<?xml version="1.0" encoding="UTF-8"?>
<!-- Generated by org.testng.reporters.JUnitReportReporter -->
<testsuite hostname="IN-PG0352RN" failures="0" tests="1" name="testpackage.TestClass" time="0.007" errors="0" timestamp="2024-05-09T11:47:15 IST" skipped="0">
  <testcase classname="testpackage.TestClass" name="printName" time="0.007"/>
  <system-out/>
</testsuite> <!-- testpackage.TestClass -->
