<?xml version="1.0" encoding="UTF-8"?>
<!-- Generated by org.testng.reporters.JUnitReportReporter -->
<testsuite hostname="IN-PG0352RN" failures="0" tests="4" name="testpackage.TestPr" time="0.001" errors="0" timestamp="2024-06-13T22:56:03 IST" skipped="0">
  <testcase classname="testpackage.TestPr" name="atest1" time="0.000"/>
  <testcase classname="testpackage.TestPr" name="cctest1" time="0.001"/>
  <testcase classname="testpackage.TestPr" name="ctest1" time="0.000"/>
  <testcase classname="testpackage.TestPr" name="dtest1" time="0.000"/>
</testsuite> <!-- testpackage.TestPr -->
