<?xml version="1.0" encoding="UTF-8"?>
<!-- Generated by org.testng.reporters.JUnitReportReporter -->
<testsuite hostname="IN-PG0352RN" failures="0" tests="1" name="testpackage.TestClass" time="0.000" errors="0" timestamp="2024-04-19T15:53:19 IST" skipped="0">
  <testcase classname="testpackage.TestClass" name="printName" time="0.000"/>
</testsuite> <!-- testpackage.TestClass -->
